<?xml version="1.0" encoding="UTF-8"?>
<!-- Generated by org.testng.reporters.JUnitXMLReporter -->
<testsuite hostname="SasuKe" ignored="0" tests="4" failures="0" timestamp="2021-11-03T19:48:21 FJT" time="37.667" errors="0">
  <testcase name="testLogin" time="13.619" classname="ParallelThreadLocal"/>
  <testcase name="testLogin" time="5.156" classname="ParallelThreadLocal"/>
  <testcase name="testLogin" time="8.318" classname="ParallelThreadLocal"/>
  <testcase name="testLogin" time="10.501" classname="ParallelThreadLocal"/>
</testsuite>
