<?xml version="1.0" encoding="UTF-8"?>
<testng-results skipped="0" failed="0" ignored="0" total="1" passed="1">
  <reporter-output>
  </reporter-output>
  <suite name="Functional Suite" duration-ms="8398" started-at="2021-11-02T21:50:49 FJT" finished-at="2021-11-02T21:50:57 FJT">
    <groups>
    </groups>
    <test name="Login Test" duration-ms="8398" started-at="2021-11-02T21:50:49 FJT" finished-at="2021-11-02T21:50:57 FJT">
      <class name="TestSample">
        <test-method status="PASS" signature="testLogin()[pri:0, instance:TestSample@ed9d034]" name="testLogin" duration-ms="8355" started-at="2021-11-02T21:50:49 FJT" finished-at="2021-11-02T21:50:57 FJT">
          <reporter-output>
          </reporter-output>
        </test-method> <!-- testLogin -->
      </class> <!-- TestSample -->
    </test> <!-- Login Test -->
  </suite> <!-- Functional Suite -->
</testng-results>
