<?xml version="1.0" encoding="UTF-8"?>
<!-- Generated by org.testng.reporters.JUnitXMLReporter -->
<testsuite hostname="SasuKe" ignored="0" tests="4" failures="0" timestamp="2021-11-03T18:32:50 FJT" time="39.702" errors="0">
  <testcase name="testLogin" time="10.067" classname="TestSample"/>
  <testcase name="testLogin" time="8.543" classname="TestSample"/>
  <testcase name="testLogin" time="10.281" classname="TestSample"/>
  <testcase name="testLogin" time="10.753" classname="TestSample"/>
</testsuite>
