<?xml version="1.0" encoding="UTF-8"?>
<!-- Generated by org.testng.reporters.JUnitXMLReporter -->
<testsuite hostname="SasuKe" ignored="0" tests="4" failures="0" timestamp="2021-11-03T12:34:14 FJT" time="36.233" errors="0">
  <testcase name="testLogin" time="10.69" classname="TestSample"/>
  <testcase name="testLogin" time="8.613" classname="TestSample"/>
  <testcase name="testLogin" time="7.035" classname="TestSample"/>
  <testcase name="testLogin" time="9.848" classname="TestSample"/>
</testsuite>
